<?xml version="1.0" encoding="UTF-8"?>
<!-- Generated by org.testng.reporters.JUnitReportReporter -->
<testsuite skipped="0" hostname="viao-PC" name="com.qa.ahq.nswstopfinder.tests.NswStopFinderGetAPITest" tests="3" failures="0" timestamp="18 Sep 2018 22:46:44 GMT" time="9.023" errors="0">
  <testcase name="statusCodeTest" time="0.549" classname="com.qa.ahq.nswstopfinder.tests.NswStopFinderGetAPITest"/>
  <testcase name="stopNameTest" time="7.947" classname="com.qa.ahq.nswstopfinder.tests.NswStopFinderGetAPITest"/>
  <testcase name="multipleModesTest" time="0.527" classname="com.qa.ahq.nswstopfinder.tests.NswStopFinderGetAPITest"/>
</testsuite> <!-- com.qa.ahq.nswstopfinder.tests.NswStopFinderGetAPITest -->
