<?xml version="1.0" encoding="UTF-8"?>
<!-- Generated by org.testng.reporters.JUnitReportReporter -->
<testsuite skipped="0" hostname="viao-PC" name="com.qa.ahq.nswstopfinder.tests.NswStopFinderGetAPITest" tests="3" failures="0" timestamp="18 Sep 2018 22:46:11 GMT" time="15.550" errors="0">
  <testcase name="statusCodeTest" time="12.470" classname="com.qa.ahq.nswstopfinder.tests.NswStopFinderGetAPITest"/>
  <testcase name="stopNameTest" time="2.500" classname="com.qa.ahq.nswstopfinder.tests.NswStopFinderGetAPITest"/>
  <testcase name="multipleModesTest" time="0.580" classname="com.qa.ahq.nswstopfinder.tests.NswStopFinderGetAPITest"/>
</testsuite> <!-- com.qa.ahq.nswstopfinder.tests.NswStopFinderGetAPITest -->
